#
# A fatal error has been detected by the Java Runtime Environment:
#
#  EXCEPTION_ACCESS_VIOLATION (0xc0000005) at pc=0x00007ffc2d2600b0, pid=9812, tid=4204
#
# JRE version: Java(TM) SE Runtime Environment (22.0.1+8) (build 22.0.1+8-16)
# Java VM: Java HotSpot(TM) 64-Bit Server VM (22.0.1+8-16, mixed mode, sharing, tiered, compressed oops, compressed class ptrs, g1 gc, windows-amd64)
# Problematic frame:
# V  [jvm.dll+0x3c00b0]
#
# No core dump will be written. Minidumps are not enabled by default on client versions of Windows
#
# If you would like to submit a bug report, please visit:
#   https://bugreport.java.com/bugreport/crash.jsp
#

---------------  S U M M A R Y ------------

Command Line: -javaagent:C:\Program Files\JetBrains\IntelliJ IDEA 2024.1.1\lib\idea_rt.jar=52900:C:\Program Files\JetBrains\IntelliJ IDEA 2024.1.1\bin -Dfile.encoding=UTF-8 -Dsun.stdout.encoding=UTF-8 -Dsun.stderr.encoding=UTF-8 --module-path=C:\Users\Cliente\.m2\repository\org\openjfx\javafx-graphics\21\javafx-graphics-21-win.jar;C:\Users\Cliente\.m2\repository\org\openjfx\javafx-base\21\javafx-base-21-win.jar;C:\Users\Cliente\Desktop\III Semestre\ED\Estruturas-de-Dados\CinemaManagementSystem\target\classes;C:\Users\Cliente\.m2\repository\org\openjfx\javafx-fxml\21\javafx-fxml-21-win.jar;C:\Users\Cliente\.m2\repository\org\jetbrains\kotlinx\kotlinx-serialization-json\1.3.2\kotlinx-serialization-json-1.3.2.jar;C:\Users\Cliente\.m2\repository\org\jetbrains\kotlinx\kotlinx-serialization-json-jvm\1.3.2\kotlinx-serialization-json-jvm-1.3.2.jar;C:\Users\Cliente\.m2\repository\org\jetbrains\kotlin\kotlin-stdlib\1.8.22\kotlin-stdlib-1.8.22.jar;C:\Users\Cliente\.m2\repository\org\jetbrains\kotlinx\kotlinx-serialization-core-jvm\1.3.2\kotlinx-serialization-core-jvm-1.3.2.jar;C:\Users\Cliente\.m2\repository\org\openjfx\javafx-controls\21\javafx-controls-21-win.jar -Djdk.module.main=com.ed.cinemamanagementsystem com.ed.cinemamanagementsystem/com.ed.cinemamanagementsystem.MainKt

Host: AMD Ryzen 5 4600H with Radeon Graphics         , 12 cores, 19G,  Windows 10 , 64 bit Build 19041 (10.0.19041.3636)
Time: Mon Jul  8 09:56:34 2024 Hora oficial do Brasil elapsed time: 6.551437 seconds (0d 0h 0m 6s)

---------------  T H R E A D  ---------------

Current thread (0x00000220cb1ff570):  JavaThread "C2 CompilerThread2" daemon [_thread_in_native, id=4204, stack(0x0000007929300000,0x0000007929400000) (1024K)]


Current CompileTask:
C2:6551 4063   !   4       com.sun.javafx.css.StyleManager::findMatchingStyles (1267 bytes)

Stack: [0x0000007929300000,0x0000007929400000],  sp=0x00000079293fcb50,  free space=1010k
Native frames: (J=compiled Java code, j=interpreted, Vv=VM code, C=native code)
V  [jvm.dll+0x3c00b0]  (no source info available)
V  [jvm.dll+0x3b94b8]  (no source info available)
V  [jvm.dll+0x1df6c3]  (no source info available)
V  [jvm.dll+0x247a5c]  (no source info available)
V  [jvm.dll+0x246fbf]  (no source info available)
V  [jvm.dll+0x1c4e90]  (no source info available)
V  [jvm.dll+0x2569fe]  (no source info available)
V  [jvm.dll+0x254cba]  (no source info available)
V  [jvm.dll+0x3f5336]  (no source info available)
V  [jvm.dll+0x81d44b]  (no source info available)
V  [jvm.dll+0x6e0915]  (no source info available)
C  [ucrtbase.dll+0x21bb2]  (no source info available)
C  [KERNEL32.DLL+0x17344]  (no source info available)
C  [ntdll.dll+0x4cc91]  (no source info available)


siginfo: EXCEPTION_ACCESS_VIOLATION (0xc0000005), reading address 0x00007ffc29ae3a40


Registers:
RAX=0x0000000000000000, RBX=0x0000000000000020, RCX=0x0000000000000000, RDX=0x00007ffc29ae3a40
RSP=0x00000079293fcb50, RBP=0x00007ffc2dae3a40, RSI=0x0000000000000016, RDI=0x00000079293fcba0
R8 =0x00000000000015c0, R9 =0x0000000000000023, R10=0x00000000000015e8, R11=0x0000000000000004
R12=0x0000000000000001, R13=0x0000000000000000, R14=0x00000079293fccd0, R15=0x0000000000000d90
RIP=0x00007ffc2d2600b0, EFLAGS=0x0000000000010246


Register to memory mapping:

RAX=0x0 is null
RBX=0x0000000000000020 is an unknown value
RCX=0x0 is null
RDX=0x00007ffc29ae3a40 is an unknown value
RSP=0x00000079293fcb50 is pointing into the stack for thread: 0x00000220cb1ff570
RBP=0x00007ffc2dae3a40 jvm.dll
RSI=0x0000000000000016 is an unknown value
RDI=0x00000079293fcba0 is pointing into the stack for thread: 0x00000220cb1ff570
R8 =0x00000000000015c0 is an unknown value
R9 =0x0000000000000023 is an unknown value
R10=0x00000000000015e8 is an unknown value
R11=0x0000000000000004 is an unknown value
R12=0x0000000000000001 is an unknown value
R13=0x0 is null
R14=0x00000079293fccd0 is pointing into the stack for thread: 0x00000220cb1ff570
R15=0x0000000000000d90 is an unknown value

Top of Stack: (sp=0x00000079293fcb50)
0x00000079293fcb50:   0000000000002349 00007ffc2d260204
0x00000079293fcb60:   00000220f25a9f30 00000220c5202400
0x00000079293fcb70:   0000000000000032 00007ffc2d2594b8
0x00000079293fcb80:   0000000000000d90 0000000000000002
0x00000079293fcb90:   0000000000000016 00000079293fccd0
0x00000079293fcba0:   0000000000000000 00000004000015e8
0x00000079293fcbb0:   0000002300000016 00007ffc29ae3a40
0x00000079293fcbc0:   00000220c56cdac0 00000220f066ca50
0x00000079293fcbd0:   00000220c530d350 0000000000000000
0x00000079293fcbe0:   00000220c530d340 00000079293fd150
0x00000079293fcbf0:   0000000000000001 00007ffc2d07f6c3
0x00000079293fcc00:   00000079293fd070 00000079293fcd00
0x00000079293fcc10:   00000220c530d728 00000220c530d340
0x00000079293fcc20:   00007ffc2d879100 0000000000000000
0x00000079293fcc30:   000000010000d107 00000220c530d340
0x00000079293fcc40:   00000220c5c677a0 00000220c5c69df0
0x00000079293fcc50:   00000220c5c6f788 000000000086d040
0x00000079293fcc60:   00000220c530d350 000000000000000e
0x00000079293fcc70:   00000079293f0000 0000000000000000
0x00000079293fcc80:   0000000000000000 0000000000009c00
0x00000079293fcc90:   00000220cb43ea30 00007ffc2d868e78
0x00000079293fcca0:   0000000000000000 00000079293fe550
0x00000079293fccb0:   0000000000000000 00007ffc2d868e78
0x00000079293fccc0:   0000000000000000 3fe47678e0f2cb44
0x00000079293fccd0:   000002200000000c 00000079293fe550
0x00000079293fcce0:   00000220f05e5050 00000220cb3a8e01
0x00000079293fccf0:   00000220f6a83050 000002200000234b
0x00000079293fcd00:   00000079293fcc30 00000220c530d350
0x00000079293fcd10:   00007ffc2d868e48 000000000000000d
0x00000079293fcd20:   00000079293fe550 00000079293fd070
0x00000079293fcd30:   0000022000003452 0000000000000000
0x00000079293fcd40:   000000790000000a 00000079293fe550 

Instructions: (pc=0x00007ffc2d2600b0)
0x00007ffc2d25ffb0:   48 8b 8e e0 08 00 00 48 85 c9 75 0c e8 2f 09 00
0x00007ffc2d25ffc0:   00 48 8b 8e e0 08 00 00 48 8b 01 0f 57 c0 48 89
0x00007ffc2d25ffd0:   86 e0 08 00 00 0f 11 01 0f 11 41 10 0f 10 45 00
0x00007ffc2d25ffe0:   0f 11 01 0f 10 4d 10 0f 11 49 10 48 8b 43 08 49
0x00007ffc2d25fff0:   89 0c 06 48 8d 0d 46 3a 88 00 ff c7 ba 70 00 00
0x00007ffc2d260000:   00 3b bb 90 00 00 00 0f 82 63 ff ff ff 4c 8b 74
0x00007ffc2d260010:   24 60 4c 8b 64 24 58 48 8b 6c 24 50 48 8b c3 48
0x00007ffc2d260020:   83 c4 20 41 5f 41 5d 5f 5e 5b c3 cc cc cc cc cc
0x00007ffc2d260030:   48 89 74 24 18 57 48 83 ec 20 8b 51 0c 48 8b f9
0x00007ffc2d260040:   83 fa 04 73 29 48 8b 49 18 0f 1f 80 00 00 00 00
0x00007ffc2d260050:   8b c2 44 8d 4a 01 48 83 3c c1 00 4c 8d 14 c1 0f
0x00007ffc2d260060:   85 91 00 00 00 41 8b d1 41 83 f9 04 72 e2 48 89
0x00007ffc2d260070:   5c 24 30 8b 5f 10 48 89 6c 24 38 3b 5f 14 73 5f
0x00007ffc2d260080:   48 8d 2d b9 39 88 00 66 0f 1f 84 00 00 00 00 00
0x00007ffc2d260090:   48 8b 47 20 8b cb 48 8b 14 c8 48 3b d5 74 39 33
0x00007ffc2d2600a0:   c0 48 89 57 18 33 c9 66 0f 1f 84 00 00 00 00 00
0x00007ffc2d2600b0:   48 83 3c 11 00 44 8d 48 01 75 78 48 83 c1 08 41
0x00007ffc2d2600c0:   8b c1 41 83 f9 04 72 e8 48 8b 4f 28 48 85 c9 74
0x00007ffc2d2600d0:   07 8b d3 e8 58 01 00 00 ff c3 3b 5f 14 72 b1 33
0x00007ffc2d2600e0:   c0 48 8b 5c 24 30 48 8b 6c 24 38 48 8b 74 24 40
0x00007ffc2d2600f0:   48 83 c4 20 5f c3 8b 47 10 48 8b 74 24 40 44 8d
0x00007ffc2d260100:   04 82 41 c1 e0 06 41 81 c0 00 ff ff ff 44 89 47
0x00007ffc2d260110:   08 49 8b 12 48 0f bc c2 44 89 4f 0c 8b c8 48 d3
0x00007ffc2d260120:   ea 48 ff ca 41 03 c0 48 89 17 89 47 08 48 83 c4
0x00007ffc2d260130:   20 5f c3 8b c8 44 8d 04 98 41 c1 e0 06 8d 43 01
0x00007ffc2d260140:   44 89 47 08 48 8b 14 ca 89 47 10 48 0f bc c2 44
0x00007ffc2d260150:   89 4f 0c 8b c8 48 d3 ea 48 ff ca 41 03 c0 48 89
0x00007ffc2d260160:   17 89 47 08 e9 78 ff ff ff cc cc cc cc cc cc cc
0x00007ffc2d260170:   40 53 48 83 ec 20 65 48 8b 04 25 58 00 00 00 8b
0x00007ffc2d260180:   0d af b9 8d 00 48 8b 1c c8 b8 70 00 00 00 80 3c
0x00007ffc2d260190:   18 00 75 05 e8 0f 52 55 00 b8 20 00 00 00 48 8b
0x00007ffc2d2601a0:   04 18 48 8b 88 70 06 00 00 48 8b 99 80 00 00 00 


Stack slot to memory mapping:

stack at sp + 0 slots: 0x0000000000002349 is an unknown value
stack at sp + 1 slots: 0x00007ffc2d260204 jvm.dll
stack at sp + 2 slots: 0x00000220f25a9f30 points into unknown readable memory: 0x00007ffc2dae3a40 | 40 3a ae 2d fc 7f 00 00
stack at sp + 3 slots: 0x00000220c5202400 points into unknown readable memory: 0x0000000000000000 | 00 00 00 00 00 00 00 00
stack at sp + 4 slots: 0x0000000000000032 is an unknown value
stack at sp + 5 slots: 0x00007ffc2d2594b8 jvm.dll
stack at sp + 6 slots: 0x0000000000000d90 is an unknown value
stack at sp + 7 slots: 0x0000000000000002 is an unknown value


---------------  P R O C E S S  ---------------

Threads class SMR info:
_java_thread_list=0x00000220c5646940, length=21, elements={
0x00000220cddfe870, 0x00000220ee4183b0, 0x00000220ee41a180, 0x00000220ee41c140,
0x00000220ee41ebb0, 0x00000220ee424430, 0x00000220ee428d30, 0x00000220ee42baf0,
0x00000220ee42c1b0, 0x00000220ee3e3c80, 0x00000220c61223a0, 0x00000220c5ff5440,
0x00000220c5c9f460, 0x00000220c62b1960, 0x00000220c65995a0, 0x00000220c659a8a0,
0x00000220c5fb3110, 0x00000220c6c60330, 0x00000220c6c5ceb0, 0x00000220f237f810,
0x00000220cb1ff570
}

Java Threads: ( => current thread )
  0x00000220cddfe870 JavaThread "main"                              [_thread_blocked, id=14312, stack(0x0000007926200000,0x0000007926300000) (1024K)]
  0x00000220ee4183b0 JavaThread "Reference Handler"          daemon [_thread_blocked, id=168, stack(0x0000007926a00000,0x0000007926b00000) (1024K)]
  0x00000220ee41a180 JavaThread "Finalizer"                  daemon [_thread_blocked, id=15948, stack(0x0000007926b00000,0x0000007926c00000) (1024K)]
  0x00000220ee41c140 JavaThread "Signal Dispatcher"          daemon [_thread_blocked, id=12768, stack(0x0000007926c00000,0x0000007926d00000) (1024K)]
  0x00000220ee41ebb0 JavaThread "Attach Listener"            daemon [_thread_blocked, id=2372, stack(0x0000007926d00000,0x0000007926e00000) (1024K)]
  0x00000220ee424430 JavaThread "Service Thread"             daemon [_thread_blocked, id=924, stack(0x0000007926e00000,0x0000007926f00000) (1024K)]
  0x00000220ee428d30 JavaThread "Monitor Deflation Thread"   daemon [_thread_blocked, id=15652, stack(0x0000007926f00000,0x0000007927000000) (1024K)]
  0x00000220ee42baf0 JavaThread "C2 CompilerThread0"         daemon [_thread_in_native, id=2712, stack(0x0000007927000000,0x0000007927100000) (1024K)]
  0x00000220ee42c1b0 JavaThread "C1 CompilerThread0"         daemon [_thread_blocked, id=15496, stack(0x0000007927100000,0x0000007927200000) (1024K)]
  0x00000220ee3e3c80 JavaThread "Common-Cleaner"             daemon [_thread_blocked, id=7228, stack(0x0000007927200000,0x0000007927300000) (1024K)]
  0x00000220c61223a0 JavaThread "Monitor Ctrl-Break"         daemon [_thread_in_native, id=3872, stack(0x0000007927500000,0x0000007927600000) (1024K)]
  0x00000220c5ff5440 JavaThread "Notification Thread"        daemon [_thread_blocked, id=4284, stack(0x0000007927600000,0x0000007927700000) (1024K)]
  0x00000220c5c9f460 JavaThread "JavaFX-Launcher"                   [_thread_blocked, id=11696, stack(0x0000007927700000,0x0000007927800000) (1024K)]
  0x00000220c62b1960 JavaThread "QuantumRenderer-0"          daemon [_thread_blocked, id=3364, stack(0x0000007927800000,0x0000007927900000) (1024K)]
  0x00000220c65995a0 JavaThread "InvokeLaterDispatcher"      daemon [_thread_blocked, id=2760, stack(0x0000007927b00000,0x0000007927c00000) (1024K)]
  0x00000220c659a8a0 JavaThread "JavaFX Application Thread"         [_thread_in_native, id=12984, stack(0x0000007927c00000,0x0000007927d00000) (1024K)]
  0x00000220c5fb3110 JavaThread "Thread-2"                   daemon [_thread_in_native, id=956, stack(0x0000007927400000,0x0000007927500000) (1024K)]
  0x00000220c6c60330 JavaThread "Prism Font Disposer"        daemon [_thread_blocked, id=10428, stack(0x0000007928d00000,0x0000007928e00000) (1024K)]
  0x00000220c6c5ceb0 JavaThread "Cleaner-0"                  daemon [_thread_blocked, id=3044, stack(0x0000007929100000,0x0000007929200000) (1024K)]
  0x00000220f237f810 JavaThread "C2 CompilerThread1"         daemon [_thread_blocked, id=12780, stack(0x0000007927300000,0x0000007927400000) (1024K)]
=>0x00000220cb1ff570 JavaThread "C2 CompilerThread2"         daemon [_thread_in_native, id=4204, stack(0x0000007929300000,0x0000007929400000) (1024K)]
Total: 21

Other Threads:
  0x00000220ee3fba60 VMThread "VM Thread"                           [id=3496, stack(0x0000007926900000,0x0000007926a00000) (1024K)]
  0x00000220ee3e2c20 WatcherThread "VM Periodic Task Thread"        [id=16012, stack(0x0000007926800000,0x0000007926900000) (1024K)]
  0x00000220cde71780 WorkerThread "GC Thread#0"                     [id=9396, stack(0x0000007926300000,0x0000007926400000) (1024K)]
  0x00000220c57a1790 WorkerThread "GC Thread#1"                     [id=9784, stack(0x0000007928400000,0x0000007928500000) (1024K)]
  0x00000220c57a1b40 WorkerThread "GC Thread#2"                     [id=10384, stack(0x0000007928600000,0x0000007928700000) (1024K)]
  0x00000220c57b34f0 WorkerThread "GC Thread#3"                     [id=14468, stack(0x0000007928700000,0x0000007928800000) (1024K)]
  0x00000220c57b38a0 WorkerThread "GC Thread#4"                     [id=15956, stack(0x0000007928800000,0x0000007928900000) (1024K)]
  0x00000220c57b4060 WorkerThread "GC Thread#5"                     [id=16300, stack(0x0000007928900000,0x0000007928a00000) (1024K)]
  0x00000220c57b6420 WorkerThread "GC Thread#6"                     [id=15456, stack(0x0000007928a00000,0x0000007928b00000) (1024K)]
  0x00000220c60f1ae0 WorkerThread "GC Thread#7"                     [id=2312, stack(0x0000007928e00000,0x0000007928f00000) (1024K)]
  0x00000220c6c4ba10 WorkerThread "GC Thread#8"                     [id=7240, stack(0x0000007928f00000,0x0000007929000000) (1024K)]
  0x00000220c6c28db0 WorkerThread "GC Thread#9"                     [id=16324, stack(0x0000007929000000,0x0000007929100000) (1024K)]
  0x00000220cde7c380 ConcurrentGCThread "G1 Main Marker"            [id=5380, stack(0x0000007926400000,0x0000007926500000) (1024K)]
  0x00000220cde7cda0 WorkerThread "G1 Conc#0"                       [id=3760, stack(0x0000007926500000,0x0000007926600000) (1024K)]
  0x00000220cdecd0e0 ConcurrentGCThread "G1 Refine#0"               [id=2624, stack(0x0000007926600000,0x0000007926700000) (1024K)]
  0x00000220cdece920 ConcurrentGCThread "G1 Service"                [id=14356, stack(0x0000007926700000,0x0000007926800000) (1024K)]
Total: 16

Threads with active compile tasks:
C2 CompilerThread0  6666 4069   !   4       javafx.scene.CssStyleHelper::transitionToState (1039 bytes)
C2 CompilerThread2  6666 4063   !   4       com.sun.javafx.css.StyleManager::findMatchingStyles (1267 bytes)
Total: 2

VM state: not at safepoint (normal execution)

VM Mutex/Monitor currently owned by a thread: None

Heap address: 0x00000006c9400000, size: 4972 MB, Compressed Oops mode: Zero based, Oop shift amount: 3

CDS archive(s) mapped at: [0x0000022080000000-0x0000022080c60000-0x0000022080c60000), size 12976128, SharedBaseAddress: 0x0000022080000000, ArchiveRelocationMode: 1.
Compressed class space mapped at: 0x0000022081000000-0x00000220c1000000, reserved size: 1073741824
Narrow klass base: 0x0000022080000000, Narrow klass shift: 0, Narrow klass range: 0x41000000

GC Precious Log:
 CardTable entry size: 512
 Card Set container configuration: InlinePtr #cards 4 size 8 Array Of Cards #cards 32 size 80 Howl #buckets 8 coarsen threshold 7372 Howl Bitmap #cards 1024 size 144 coarsen threshold 921 Card regions per heap region 1 cards per card region 8192
 CPUs: 12 total, 12 available
 Memory: 19886M
 Large Page Support: Disabled
 NUMA Support: Disabled
 Compressed Oops: Enabled (Zero based)
 Heap Region Size: 4M
 Heap Min Capacity: 8M
 Heap Initial Capacity: 312M
 Heap Max Capacity: 4972M
 Pre-touch: Disabled
 Parallel Workers: 10
 Concurrent Workers: 3
 Concurrent Refinement Workers: 10
 Periodic GC: Disabled

Heap:
 garbage-first heap   total reserved 5091328K, committed 319488K, used 118513K [0x00000006c9400000, 0x0000000800000000)
  region size 4096K, 18 young (73728K), 2 survivors (8192K)
 Metaspace       used 21103K, committed 21504K, reserved 1114112K
  class space    used 3289K, committed 3456K, reserved 1048576K

Heap Regions: E=young(eden), S=young(survivor), O=old, HS=humongous(starts), HC=humongous(continues), CS=collection set, F=free, TAMS=top-at-mark-start, PB=parsable bottom
|   0|0x00000006c9400000, 0x00000006c9800000, 0x00000006c9800000|100%|HS|  |TAMS 0x00000006c9400000| PB 0x00000006c9400000| Complete |  0
|   1|0x00000006c9800000, 0x00000006c9c00000, 0x00000006c9c00000|100%|HC|  |TAMS 0x00000006c9800000| PB 0x00000006c9800000| Complete |  0
|   2|0x00000006c9c00000, 0x00000006ca000000, 0x00000006ca000000|100%|HC|  |TAMS 0x00000006c9c00000| PB 0x00000006c9c00000| Complete |  0
|   3|0x00000006ca000000, 0x00000006ca400000, 0x00000006ca400000|100%|HS|  |TAMS 0x00000006ca000000| PB 0x00000006ca000000| Complete |  0
|   4|0x00000006ca400000, 0x00000006ca800000, 0x00000006ca800000|100%|HC|  |TAMS 0x00000006ca400000| PB 0x00000006ca400000| Complete |  0
|   5|0x00000006ca800000, 0x00000006cac00000, 0x00000006cac00000|100%|HC|  |TAMS 0x00000006ca800000| PB 0x00000006ca800000| Complete |  0
|   6|0x00000006cac00000, 0x00000006cb000000, 0x00000006cb000000|100%|HS|  |TAMS 0x00000006cac00000| PB 0x00000006cac00000| Complete |  0
|   7|0x00000006cb000000, 0x00000006cb400000, 0x00000006cb400000|100%|HC|  |TAMS 0x00000006cb000000| PB 0x00000006cb000000| Complete |  0
|   8|0x00000006cb400000, 0x00000006cb800000, 0x00000006cb800000|100%|HC|  |TAMS 0x00000006cb400000| PB 0x00000006cb400000| Complete |  0
|   9|0x00000006cb800000, 0x00000006cbc00000, 0x00000006cbc00000|100%|HS|  |TAMS 0x00000006cb800000| PB 0x00000006cb800000| Complete |  0
|  10|0x00000006cbc00000, 0x00000006cc000000, 0x00000006cc000000|100%|HC|  |TAMS 0x00000006cbc00000| PB 0x00000006cbc00000| Complete |  0
|  11|0x00000006cc000000, 0x00000006cc400000, 0x00000006cc400000|100%|HC|  |TAMS 0x00000006cc000000| PB 0x00000006cc000000| Complete |  0
|  12|0x00000006cc400000, 0x00000006cc400000, 0x00000006cc800000|  0%| F|  |TAMS 0x00000006cc400000| PB 0x00000006cc400000| Untracked |  0
|  13|0x00000006cc800000, 0x00000006cc800000, 0x00000006ccc00000|  0%| F|  |TAMS 0x00000006cc800000| PB 0x00000006cc800000| Untracked |  0
|  14|0x00000006ccc00000, 0x00000006ccc00000, 0x00000006cd000000|  0%| F|  |TAMS 0x00000006ccc00000| PB 0x00000006ccc00000| Untracked |  0
|  15|0x00000006cd000000, 0x00000006cd000000, 0x00000006cd400000|  0%| F|  |TAMS 0x00000006cd000000| PB 0x00000006cd000000| Untracked |  0
|  16|0x00000006cd400000, 0x00000006cd400000, 0x00000006cd800000|  0%| F|  |TAMS 0x00000006cd400000| PB 0x00000006cd400000| Untracked |  0
|  17|0x00000006cd800000, 0x00000006cd800000, 0x00000006cdc00000|  0%| F|  |TAMS 0x00000006cd800000| PB 0x00000006cd800000| Untracked |  0
|  18|0x00000006cdc00000, 0x00000006cdc00000, 0x00000006ce000000|  0%| F|  |TAMS 0x00000006cdc00000| PB 0x00000006cdc00000| Untracked |  0
|  19|0x00000006ce000000, 0x00000006ce000000, 0x00000006ce400000|  0%| F|  |TAMS 0x00000006ce000000| PB 0x00000006ce000000| Untracked |  0
|  20|0x00000006ce400000, 0x00000006ce400000, 0x00000006ce800000|  0%| F|  |TAMS 0x00000006ce400000| PB 0x00000006ce400000| Untracked |  0
|  21|0x00000006ce800000, 0x00000006ce800000, 0x00000006cec00000|  0%| F|  |TAMS 0x00000006ce800000| PB 0x00000006ce800000| Untracked |  0
|  22|0x00000006cec00000, 0x00000006cec00000, 0x00000006cf000000|  0%| F|  |TAMS 0x00000006cec00000| PB 0x00000006cec00000| Untracked |  0
|  23|0x00000006cf000000, 0x00000006cf000000, 0x00000006cf400000|  0%| F|  |TAMS 0x00000006cf000000| PB 0x00000006cf000000| Untracked |  0
|  24|0x00000006cf400000, 0x00000006cf400000, 0x00000006cf800000|  0%| F|  |TAMS 0x00000006cf400000| PB 0x00000006cf400000| Untracked |  0
|  25|0x00000006cf800000, 0x00000006cf800000, 0x00000006cfc00000|  0%| F|  |TAMS 0x00000006cf800000| PB 0x00000006cf800000| Untracked |  0
|  26|0x00000006cfc00000, 0x00000006cfc00000, 0x00000006d0000000|  0%| F|  |TAMS 0x00000006cfc00000| PB 0x00000006cfc00000| Untracked |  0
|  27|0x00000006d0000000, 0x00000006d0000000, 0x00000006d0400000|  0%| F|  |TAMS 0x00000006d0000000| PB 0x00000006d0000000| Untracked |  0
|  28|0x00000006d0400000, 0x00000006d0400000, 0x00000006d0800000|  0%| F|  |TAMS 0x00000006d0400000| PB 0x00000006d0400000| Untracked |  0
|  29|0x00000006d0800000, 0x00000006d0800000, 0x00000006d0c00000|  0%| F|  |TAMS 0x00000006d0800000| PB 0x00000006d0800000| Untracked |  0
|  30|0x00000006d0c00000, 0x00000006d0c00000, 0x00000006d1000000|  0%| F|  |TAMS 0x00000006d0c00000| PB 0x00000006d0c00000| Untracked |  0
|  31|0x00000006d1000000, 0x00000006d1000000, 0x00000006d1400000|  0%| F|  |TAMS 0x00000006d1000000| PB 0x00000006d1000000| Untracked |  0
|  32|0x00000006d1400000, 0x00000006d1400000, 0x00000006d1800000|  0%| F|  |TAMS 0x00000006d1400000| PB 0x00000006d1400000| Untracked |  0
|  33|0x00000006d1800000, 0x00000006d1800000, 0x00000006d1c00000|  0%| F|  |TAMS 0x00000006d1800000| PB 0x00000006d1800000| Untracked |  0
|  34|0x00000006d1c00000, 0x00000006d1c00000, 0x00000006d2000000|  0%| F|  |TAMS 0x00000006d1c00000| PB 0x00000006d1c00000| Untracked |  0
|  35|0x00000006d2000000, 0x00000006d2000000, 0x00000006d2400000|  0%| F|  |TAMS 0x00000006d2000000| PB 0x00000006d2000000| Untracked |  0
|  36|0x00000006d2400000, 0x00000006d2400000, 0x00000006d2800000|  0%| F|  |TAMS 0x00000006d2400000| PB 0x00000006d2400000| Untracked |  0
|  37|0x00000006d2800000, 0x00000006d2800000, 0x00000006d2c00000|  0%| F|  |TAMS 0x00000006d2800000| PB 0x00000006d2800000| Untracked |  0
|  38|0x00000006d2c00000, 0x00000006d2c00000, 0x00000006d3000000|  0%| F|  |TAMS 0x00000006d2c00000| PB 0x00000006d2c00000| Untracked |  0
|  39|0x00000006d3000000, 0x00000006d3000000, 0x00000006d3400000|  0%| F|  |TAMS 0x00000006d3000000| PB 0x00000006d3000000| Untracked |  0
|  40|0x00000006d3400000, 0x00000006d3400000, 0x00000006d3800000|  0%| F|  |TAMS 0x00000006d3400000| PB 0x00000006d3400000| Untracked |  0
|  41|0x00000006d3800000, 0x00000006d3800000, 0x00000006d3c00000|  0%| F|  |TAMS 0x00000006d3800000| PB 0x00000006d3800000| Untracked |  0
|  42|0x00000006d3c00000, 0x00000006d3c00000, 0x00000006d4000000|  0%| F|  |TAMS 0x00000006d3c00000| PB 0x00000006d3c00000| Untracked |  0
|  43|0x00000006d4000000, 0x00000006d4000000, 0x00000006d4400000|  0%| F|  |TAMS 0x00000006d4000000| PB 0x00000006d4000000| Untracked |  0
|  44|0x00000006d4400000, 0x00000006d4400000, 0x00000006d4800000|  0%| F|  |TAMS 0x00000006d4400000| PB 0x00000006d4400000| Untracked |  0
|  45|0x00000006d4800000, 0x00000006d4800000, 0x00000006d4c00000|  0%| F|  |TAMS 0x00000006d4800000| PB 0x00000006d4800000| Untracked |  0
|  46|0x00000006d4c00000, 0x00000006d4c00000, 0x00000006d5000000|  0%| F|  |TAMS 0x00000006d4c00000| PB 0x00000006d4c00000| Untracked |  0
|  47|0x00000006d5000000, 0x00000006d5000000, 0x00000006d5400000|  0%| F|  |TAMS 0x00000006d5000000| PB 0x00000006d5000000| Untracked |  0
|  48|0x00000006d5400000, 0x00000006d5400000, 0x00000006d5800000|  0%| F|  |TAMS 0x00000006d5400000| PB 0x00000006d5400000| Untracked |  0
|  49|0x00000006d5800000, 0x00000006d5800000, 0x00000006d5c00000|  0%| F|  |TAMS 0x00000006d5800000| PB 0x00000006d5800000| Untracked |  0
|  50|0x00000006d5c00000, 0x00000006d5c00000, 0x00000006d6000000|  0%| F|  |TAMS 0x00000006d5c00000| PB 0x00000006d5c00000| Untracked |  0
|  51|0x00000006d6000000, 0x00000006d6000000, 0x00000006d6400000|  0%| F|  |TAMS 0x00000006d6000000| PB 0x00000006d6000000| Untracked |  0
|  52|0x00000006d6400000, 0x00000006d6400000, 0x00000006d6800000|  0%| F|  |TAMS 0x00000006d6400000| PB 0x00000006d6400000| Untracked |  0
|  53|0x00000006d6800000, 0x00000006d6800000, 0x00000006d6c00000|  0%| F|  |TAMS 0x00000006d6800000| PB 0x00000006d6800000| Untracked |  0
|  54|0x00000006d6c00000, 0x00000006d6c00000, 0x00000006d7000000|  0%| F|  |TAMS 0x00000006d6c00000| PB 0x00000006d6c00000| Untracked |  0
|  55|0x00000006d7000000, 0x00000006d7000000, 0x00000006d7400000|  0%| F|  |TAMS 0x00000006d7000000| PB 0x00000006d7000000| Untracked |  0
|  56|0x00000006d7400000, 0x00000006d7400000, 0x00000006d7800000|  0%| F|  |TAMS 0x00000006d7400000| PB 0x00000006d7400000| Untracked |  0
|  57|0x00000006d7800000, 0x00000006d7800000, 0x00000006d7c00000|  0%| F|  |TAMS 0x00000006d7800000| PB 0x00000006d7800000| Untracked |  0
|  58|0x00000006d7c00000, 0x00000006d7c00000, 0x00000006d8000000|  0%| F|  |TAMS 0x00000006d7c00000| PB 0x00000006d7c00000| Untracked |  0
|  59|0x00000006d8000000, 0x00000006d8000000, 0x00000006d8400000|  0%| F|  |TAMS 0x00000006d8000000| PB 0x00000006d8000000| Untracked |  0
|  60|0x00000006d8400000, 0x00000006d8678f10, 0x00000006d8800000| 61%| E|  |TAMS 0x00000006d8400000| PB 0x00000006d8400000| Complete |  0
|  61|0x00000006d8800000, 0x00000006d8c00000, 0x00000006d8c00000|100%| E|CS|TAMS 0x00000006d8800000| PB 0x00000006d8800000| Complete |  0
|  62|0x00000006d8c00000, 0x00000006d9000000, 0x00000006d9000000|100%| E|CS|TAMS 0x00000006d8c00000| PB 0x00000006d8c00000| Complete |  0
|  63|0x00000006d9000000, 0x00000006d93bc768, 0x00000006d9400000| 93%| S|CS|TAMS 0x00000006d9000000| PB 0x00000006d9000000| Complete |  0
|  64|0x00000006d9400000, 0x00000006d9800000, 0x00000006d9800000|100%| S|CS|TAMS 0x00000006d9400000| PB 0x00000006d9400000| Complete |  0
|  65|0x00000006d9800000, 0x00000006d9c00000, 0x00000006d9c00000|100%| E|CS|TAMS 0x00000006d9800000| PB 0x00000006d9800000| Complete |  0
|  66|0x00000006d9c00000, 0x00000006da000000, 0x00000006da000000|100%| E|CS|TAMS 0x00000006d9c00000| PB 0x00000006d9c00000| Complete |  0
|  67|0x00000006da000000, 0x00000006da400000, 0x00000006da400000|100%| E|CS|TAMS 0x00000006da000000| PB 0x00000006da000000| Complete |  0
|  68|0x00000006da400000, 0x00000006da800000, 0x00000006da800000|100%| E|CS|TAMS 0x00000006da400000| PB 0x00000006da400000| Complete |  0
|  69|0x00000006da800000, 0x00000006dac00000, 0x00000006dac00000|100%| E|CS|TAMS 0x00000006da800000| PB 0x00000006da800000| Complete |  0
|  70|0x00000006dac00000, 0x00000006db000000, 0x00000006db000000|100%| E|CS|TAMS 0x00000006dac00000| PB 0x00000006dac00000| Complete |  0
|  71|0x00000006db000000, 0x00000006db400000, 0x00000006db400000|100%| E|CS|TAMS 0x00000006db000000| PB 0x00000006db000000| Complete |  0
|  72|0x00000006db400000, 0x00000006db800000, 0x00000006db800000|100%| E|CS|TAMS 0x00000006db400000| PB 0x00000006db400000| Complete |  0
|  73|0x00000006db800000, 0x00000006dbc00000, 0x00000006dbc00000|100%| E|CS|TAMS 0x00000006db800000| PB 0x00000006db800000| Complete |  0
|  74|0x00000006dbc00000, 0x00000006dc000000, 0x00000006dc000000|100%| E|CS|TAMS 0x00000006dbc00000| PB 0x00000006dbc00000| Complete |  0
|  75|0x00000006dc000000, 0x00000006dc400000, 0x00000006dc400000|100%| E|CS|TAMS 0x00000006dc000000| PB 0x00000006dc000000| Complete |  0
|  76|0x00000006dc400000, 0x00000006dc800000, 0x00000006dc800000|100%| E|CS|TAMS 0x00000006dc400000| PB 0x00000006dc400000| Complete |  0
|  77|0x00000006dc800000, 0x00000006dcc00000, 0x00000006dcc00000|100%| E|CS|TAMS 0x00000006dc800000| PB 0x00000006dc800000| Complete |  0

Card table byte_map: [0x00000220e6070000,0x00000220e6a30000] _byte_map_base: 0x00000220e2a26000

Marking Bits: (CMBitMap*) 0x00000220cde71da0
 Bits: [0x00000220e6a30000, 0x00000220eb7e0000)

Polling page: 0x00000220cbdf0000

Metaspace:

Usage:
  Non-class:     17.40 MB used.
      Class:      3.21 MB used.
       Both:     20.61 MB used.

Virtual space:
  Non-class space:       64.00 MB reserved,      17.62 MB ( 28%) committed,  1 nodes.
      Class space:        1.00 GB reserved,       3.38 MB ( <1%) committed,  1 nodes.
             Both:        1.06 GB reserved,      21.00 MB (  2%) committed. 

Chunk freelists:
   Non-Class:  14.30 MB
       Class:  12.58 MB
        Both:  26.88 MB

MaxMetaspaceSize: unlimited
CompressedClassSpaceSize: 1.00 GB
Initial GC threshold: 21.00 MB
Current GC threshold: 21.00 MB
CDS: on
 - commit_granule_bytes: 65536.
 - commit_granule_words: 8192.
 - virtual_space_node_default_size: 8388608.
 - enlarge_chunks_in_place: 1.
 - use_allocation_guard: 0.


Internal statistics:

num_allocs_failed_limit: 0.
num_arena_births: 358.
num_arena_deaths: 0.
num_vsnodes_births: 2.
num_vsnodes_deaths: 0.
num_space_committed: 336.
num_space_uncommitted: 0.
num_chunks_returned_to_freelist: 0.
num_chunks_taken_from_freelist: 1030.
num_chunk_merges: 0.
num_chunk_splits: 715.
num_chunks_enlarged: 552.
num_inconsistent_stats: 0.

CodeHeap 'non-profiled nmethods': size=120000Kb used=1954Kb max_used=1954Kb free=118045Kb
 bounds [0x00000220ddc20000, 0x00000220dde90000, 0x00000220e5150000]
CodeHeap 'profiled nmethods': size=120000Kb used=8542Kb max_used=8542Kb free=111457Kb
 bounds [0x00000220d6150000, 0x00000220d69b0000, 0x00000220dd680000]
CodeHeap 'non-nmethods': size=5760Kb used=1846Kb max_used=1918Kb free=3913Kb
 bounds [0x00000220dd680000, 0x00000220dd8f0000, 0x00000220ddc20000]
 total_blobs=5058 nmethods=4211 adapters=751
 compilation: enabled
              stopped_count=0, restarted_count=0
 full_count=0

Compilation events (20 events):
Event: 6.398 Thread 0x00000220ee42c1b0 4206       3       com.sun.javafx.geom.RectBounds::setBounds (33 bytes)
Event: 6.399 Thread 0x00000220ee42c1b0 nmethod 4206 0x00000220d699b110 code [0x00000220d699b2a0, 0x00000220d699b438]
Event: 6.399 Thread 0x00000220ee42c1b0 4209       1       com.sun.prism.impl.ManagedResource::isPermanent (5 bytes)
Event: 6.399 Thread 0x00000220ee42c1b0 nmethod 4209 0x00000220dde07d90 code [0x00000220dde07f20, 0x00000220dde07ff0]
Event: 6.399 Thread 0x00000220ee42c1b0 4203       3       com.sun.prism.impl.ps.BaseShaderContext::getSpecialShader (113 bytes)
Event: 6.399 Thread 0x00000220ee42c1b0 nmethod 4203 0x00000220d699b510 code [0x00000220d699b760, 0x00000220d699c350]
Event: 6.400 Thread 0x00000220ee42c1b0 4210 %     3       com.sun.marlin.Renderer::_endRendering @ 251 (2639 bytes)
Event: 6.401 Thread 0x00000220f237f810 4212 %     4       java.util.Arrays::fill @ 10 (28 bytes)
Event: 6.404 Thread 0x00000220f237f810 nmethod 4212% 0x00000220dde08090 code [0x00000220dde08220, 0x00000220dde08458]
Event: 6.405 Thread 0x00000220ee42c1b0 nmethod 4210% 0x00000220d699c710 code [0x00000220d699cd60, 0x00000220d69a1c98]
Event: 6.405 Thread 0x00000220ee42c1b0 4215       3       com.sun.marlin.MaskMarlinAlphaConsumer::setAndClearRelativeAlphas (263 bytes)
Event: 6.406 Thread 0x00000220ee42c1b0 nmethod 4215 0x00000220d69a5d90 code [0x00000220d69a5fe0, 0x00000220d69a69b8]
Event: 6.406 Thread 0x00000220ee42c1b0 4211       3       com.sun.javafx.geom.Shape::<init> (5 bytes)
Event: 6.406 Thread 0x00000220ee42c1b0 nmethod 4211 0x00000220d69a6f90 code [0x00000220d69a7120, 0x00000220d69a7288]
Event: 6.406 Thread 0x00000220ee42c1b0 4205       3       com.sun.javafx.geom.transform.GeneralTransform3D::get (29 bytes)
Event: 6.406 Thread 0x00000220ee42c1b0 nmethod 4205 0x00000220d69a7390 code [0x00000220d69a7540, 0x00000220d69a7818]
Event: 6.406 Thread 0x00000220ee42c1b0 4213       1       com.sun.javafx.sg.prism.NGShape::getMode (5 bytes)
Event: 6.406 Thread 0x00000220ee42c1b0 nmethod 4213 0x00000220dde08590 code [0x00000220dde08720, 0x00000220dde087f0]
Event: 6.406 Thread 0x00000220ee42c1b0 4214       1       com.sun.prism.paint.Paint$Type::isImagePattern (5 bytes)
Event: 6.406 Thread 0x00000220ee42c1b0 nmethod 4214 0x00000220dde08890 code [0x00000220dde08a20, 0x00000220dde08af0]

GC Heap History (4 events):
Event: 0.684 GC heap before
{Heap before GC invocations=0 (full 0):
 garbage-first heap   total reserved 5091328K, committed 319488K, used 24576K [0x00000006c9400000, 0x0000000800000000)
  region size 4096K, 6 young (24576K), 0 survivors (0K)
 Metaspace       used 4545K, committed 4800K, reserved 1114112K
  class space    used 496K, committed 640K, reserved 1048576K
}
Event: 0.687 GC heap after
{Heap after GC invocations=1 (full 0):
 garbage-first heap   total reserved 5091328K, committed 319488K, used 2901K [0x00000006c9400000, 0x0000000800000000)
  region size 4096K, 1 young (4096K), 1 survivors (4096K)
 Metaspace       used 4545K, committed 4800K, reserved 1114112K
  class space    used 496K, committed 640K, reserved 1048576K
}
Event: 1.592 GC heap before
{Heap before GC invocations=1 (full 0):
 garbage-first heap   total reserved 5091328K, committed 319488K, used 72533K [0x00000006c9400000, 0x0000000800000000)
  region size 4096K, 13 young (53248K), 1 survivors (4096K)
 Metaspace       used 15565K, committed 15872K, reserved 1114112K
  class space    used 2474K, committed 2624K, reserved 1048576K
}
Event: 1.600 GC heap after
{Heap after GC invocations=2 (full 0):
 garbage-first heap   total reserved 5091328K, committed 319488K, used 32497K [0x00000006c9400000, 0x0000000800000000)
  region size 4096K, 2 young (8192K), 2 survivors (8192K)
 Metaspace       used 15565K, committed 15872K, reserved 1114112K
  class space    used 2474K, committed 2624K, reserved 1048576K
}

Dll operation events (20 events):
Event: 0.446 Loaded shared library C:\Users\Cliente\.openjfx\cache\21+31\amd64\api-ms-win-crt-locale-l1-1-0.dll
Event: 0.449 Loaded shared library C:\Users\Cliente\.openjfx\cache\21+31\amd64\api-ms-win-crt-math-l1-1-0.dll
Event: 0.452 Loaded shared library C:\Users\Cliente\.openjfx\cache\21+31\amd64\api-ms-win-crt-multibyte-l1-1-0.dll
Event: 0.456 Loaded shared library C:\Users\Cliente\.openjfx\cache\21+31\amd64\api-ms-win-crt-private-l1-1-0.dll
Event: 0.459 Loaded shared library C:\Users\Cliente\.openjfx\cache\21+31\amd64\api-ms-win-crt-process-l1-1-0.dll
Event: 0.463 Loaded shared library C:\Users\Cliente\.openjfx\cache\21+31\amd64\api-ms-win-crt-runtime-l1-1-0.dll
Event: 0.466 Loaded shared library C:\Users\Cliente\.openjfx\cache\21+31\amd64\api-ms-win-crt-stdio-l1-1-0.dll
Event: 0.469 Loaded shared library C:\Users\Cliente\.openjfx\cache\21+31\amd64\api-ms-win-crt-string-l1-1-0.dll
Event: 0.473 Loaded shared library C:\Users\Cliente\.openjfx\cache\21+31\amd64\api-ms-win-crt-time-l1-1-0.dll
Event: 0.477 Loaded shared library C:\Users\Cliente\.openjfx\cache\21+31\amd64\api-ms-win-crt-utility-l1-1-0.dll
Event: 0.493 Loaded shared library C:\Users\Cliente\.openjfx\cache\21+31\amd64\ucrtbase.dll
Event: 0.499 Loaded shared library C:\Users\Cliente\.openjfx\cache\21+31\amd64\vcruntime140.dll
Event: 0.504 Loaded shared library C:\Users\Cliente\.openjfx\cache\21+31\amd64\vcruntime140_1.dll
Event: 0.514 Loaded shared library C:\Users\Cliente\.openjfx\cache\21+31\amd64\msvcp140.dll
Event: 0.518 Loaded shared library C:\Users\Cliente\.openjfx\cache\21+31\amd64\msvcp140_1.dll
Event: 0.525 Loaded shared library C:\Users\Cliente\.openjfx\cache\21+31\amd64\msvcp140_2.dll
Event: 0.576 Loaded shared library C:\Users\Cliente\.openjfx\cache\21+31\amd64\prism_d3d.dll
Event: 0.613 Loaded shared library C:\Users\Cliente\.openjfx\cache\21+31\amd64\glass.dll
Event: 0.704 Loaded shared library C:\Program Files\Java\jdk-22\bin\jimage.dll
Event: 0.872 Loaded shared library C:\Users\Cliente\.openjfx\cache\21+31\amd64\javafx_font.dll

Deoptimization events (20 events):
Event: 6.382 Thread 0x00000220c62b1960 DEOPT PACKING pc=0x00000220d663f8d7 sp=0x00000079278fd300
Event: 6.382 Thread 0x00000220c62b1960 DEOPT UNPACKING pc=0x00000220dd6d4e42 sp=0x00000079278fc758 mode 0
Event: 6.387 Thread 0x00000220c659a8a0 Uncommon trap: trap_request=0xffffffd6 fr.pc=0x00000220dddfc750 relative=0x00000000000004f0
Event: 6.387 Thread 0x00000220c659a8a0 Uncommon trap: reason=array_check action=maybe_recompile pc=0x00000220dddfc750 method=com.sun.javafx.css.StyleCacheEntry$Key.<init>([Ljava/util/Set;Ljavafx/scene/text/Font;)V @ 39 c2
Event: 6.387 Thread 0x00000220c659a8a0 DEOPT PACKING pc=0x00000220dddfc750 sp=0x0000007927cfdc50
Event: 6.387 Thread 0x00000220c659a8a0 DEOPT UNPACKING pc=0x00000220dd6d46a2 sp=0x0000007927cfdc10 mode 2
Event: 6.387 Thread 0x00000220c659a8a0 Uncommon trap: trap_request=0xffffffd6 fr.pc=0x00000220dddfc750 relative=0x00000000000004f0
Event: 6.387 Thread 0x00000220c659a8a0 Uncommon trap: reason=array_check action=maybe_recompile pc=0x00000220dddfc750 method=com.sun.javafx.css.StyleCacheEntry$Key.<init>([Ljava/util/Set;Ljavafx/scene/text/Font;)V @ 39 c2
Event: 6.387 Thread 0x00000220c659a8a0 DEOPT PACKING pc=0x00000220dddfc750 sp=0x0000007927cfd700
Event: 6.387 Thread 0x00000220c659a8a0 DEOPT UNPACKING pc=0x00000220dd6d46a2 sp=0x0000007927cfd6c0 mode 2
Event: 6.387 Thread 0x00000220c659a8a0 Uncommon trap: trap_request=0xffffffd6 fr.pc=0x00000220dddfc750 relative=0x00000000000004f0
Event: 6.387 Thread 0x00000220c659a8a0 Uncommon trap: reason=array_check action=maybe_recompile pc=0x00000220dddfc750 method=com.sun.javafx.css.StyleCacheEntry$Key.<init>([Ljava/util/Set;Ljavafx/scene/text/Font;)V @ 39 c2
Event: 6.387 Thread 0x00000220c659a8a0 DEOPT PACKING pc=0x00000220dddfc750 sp=0x0000007927cfdc50
Event: 6.387 Thread 0x00000220c659a8a0 DEOPT UNPACKING pc=0x00000220dd6d46a2 sp=0x0000007927cfdc10 mode 2
Event: 6.388 Thread 0x00000220c659a8a0 Uncommon trap: trap_request=0xffffffd6 fr.pc=0x00000220dddfc750 relative=0x00000000000004f0
Event: 6.388 Thread 0x00000220c659a8a0 Uncommon trap: reason=array_check action=maybe_recompile pc=0x00000220dddfc750 method=com.sun.javafx.css.StyleCacheEntry$Key.<init>([Ljava/util/Set;Ljavafx/scene/text/Font;)V @ 39 c2
Event: 6.388 Thread 0x00000220c659a8a0 DEOPT PACKING pc=0x00000220dddfc750 sp=0x0000007927cfd660
Event: 6.388 Thread 0x00000220c659a8a0 DEOPT UNPACKING pc=0x00000220dd6d46a2 sp=0x0000007927cfd620 mode 2
Event: 6.405 Thread 0x00000220c62b1960 DEOPT PACKING pc=0x00000220d6977675 sp=0x00000079278fd190
Event: 6.405 Thread 0x00000220c62b1960 DEOPT UNPACKING pc=0x00000220dd6d4e42 sp=0x00000079278fc548 mode 0

Classes loaded (20 events):
Event: 5.700 Loading class sun/reflect/generics/tree/BottomSignature
Event: 5.700 Loading class sun/reflect/generics/tree/BottomSignature done
Event: 5.700 Loading class sun/reflect/generics/tree/Wildcard
Event: 5.700 Loading class sun/reflect/generics/tree/Wildcard done
Event: 5.700 Loading class sun/reflect/generics/reflectiveObjects/WildcardTypeImpl
Event: 5.700 Loading class java/lang/reflect/WildcardType
Event: 5.701 Loading class java/lang/reflect/WildcardType done
Event: 5.701 Loading class sun/reflect/generics/reflectiveObjects/WildcardTypeImpl done
Event: 5.751 Loading class java/nio/charset/CharacterCodingException
Event: 5.751 Loading class java/nio/charset/CharacterCodingException done
Event: 5.751 Loading class java/lang/foreign/MemorySegment
Event: 5.751 Loading class java/lang/foreign/MemorySegment done
Event: 5.751 Loading class jdk/internal/loader/BootLoader$PackageHelper
Event: 5.751 Loading class jdk/internal/loader/BootLoader$PackageHelper done
Event: 5.786 Loading class java/time/format/FormatStyle
Event: 5.786 Loading class java/time/format/FormatStyle done
Event: 5.811 Loading class java/util/function/UnaryOperator
Event: 5.811 Loading class java/util/function/UnaryOperator done
Event: 6.294 Loading class java/lang/FdLibm$Acos
Event: 6.294 Loading class java/lang/FdLibm$Acos done

Classes unloaded (0 events):
No events

Classes redefined (0 events):
No events

Internal exceptions (20 events):
Event: 1.420 Thread 0x00000220c659a8a0 Exception <a 'java/lang/ClassNotFoundException'{0x00000006da265e28}: com/sun/javafx/scene/control/skin/resources/controls> (0x00000006da265e28) 
thrown [s\open\src\hotspot\share\prims\jni.cpp, line 539]
Event: 1.421 Thread 0x00000220c659a8a0 Exception <a 'java/lang/ClassNotFoundException'{0x00000006da274028}: com/sun/javafx/scene/control/skin/resources/controls_pt> (0x00000006da274028) 
thrown [s\open\src\hotspot\share\prims\jni.cpp, line 539]
Event: 1.421 Thread 0x00000220c659a8a0 Exception <a 'java/lang/ClassNotFoundException'{0x00000006da274fd0}: com/sun/javafx/scene/control/skin/resources/controls_pt_BR> (0x00000006da274fd0) 
thrown [s\open\src\hotspot\share\prims\jni.cpp, line 539]
Event: 1.620 Thread 0x00000220c659a8a0 Exception <a 'java/lang/NoSuchMethodError'{0x00000006dc9bacf8}: 'int java.lang.invoke.DirectMethodHandle$Holder.invokeSpecial(java.lang.Object, java.lang.Object, int)'> (0x00000006dc9bacf8) 
thrown [s\open\src\hotspot\share\interpreter\linkResolver.cpp, line 774]
Event: 1.809 Thread 0x00000220c659a8a0 Exception <a 'java/lang/NoSuchMethodError'{0x00000006dc6301f8}: 'java.lang.Object java.lang.invoke.DirectMethodHandle$Holder.newInvokeSpecial(java.lang.Object, java.lang.Object, int)'> (0x00000006dc6301f8) 
thrown [s\open\src\hotspot\share\interpreter\linkResolver.cpp, line 774]
Event: 1.946 Thread 0x00000220c62b1960 Exception <a 'java/lang/NoSuchMethodError'{0x00000006dc0beff0}: 'int java.lang.invoke.DirectMethodHandle$Holder.invokeStaticInit(java.lang.Object, java.lang.Object)'> (0x00000006dc0beff0) 
thrown [s\open\src\hotspot\share\interpreter\linkResolver.cpp, line 774]
Event: 1.956 Thread 0x00000220c659a8a0 Exception <a 'java/lang/NoSuchMethodError'{0x00000006dc074d20}: 'long java.lang.invoke.DirectMethodHandle$Holder.invokeStatic(java.lang.Object, java.lang.Object, java.lang.Object)'> (0x00000006dc074d20) 
thrown [s\open\src\hotspot\share\interpreter\linkResolver.cpp, line 774]
Event: 1.956 Thread 0x00000220c659a8a0 Exception <a 'java/lang/NoSuchMethodError'{0x00000006dc078120}: 'long java.lang.invoke.DirectMethodHandle$Holder.invokeStaticInit(java.lang.Object, java.lang.Object, java.lang.Object)'> (0x00000006dc078120) 
thrown [s\open\src\hotspot\share\interpreter\linkResolver.cpp, line 774]
Event: 1.958 Thread 0x00000220c659a8a0 Exception <a 'java/lang/NoSuchMethodError'{0x00000006dc08cd98}: 'java.lang.Object java.lang.invoke.DirectMethodHandle$Holder.newInvokeSpecial(java.lang.Object, java.lang.Object, long)'> (0x00000006dc08cd98) 
thrown [s\open\src\hotspot\share\interpreter\linkResolver.cpp, line 774]
Event: 1.959 Thread 0x00000220c659a8a0 Exception <a 'java/lang/NoSuchMethodError'{0x00000006dc0906e0}: 'java.lang.Object java.lang.invoke.Invokers$Holder.linkToTargetMethod(java.lang.Object, long, java.lang.Object)'> (0x00000006dc0906e0) 
thrown [s\open\src\hotspot\share\interpreter\linkResolver.cpp, line 774]
Event: 5.331 Thread 0x00000220c659a8a0 Implicit null exception at 0x00000220ddd064f6 to 0x00000220ddd06c28
Event: 5.331 Thread 0x00000220c659a8a0 Implicit null exception at 0x00000220ddd064f6 to 0x00000220ddd06c28
Event: 5.331 Thread 0x00000220c659a8a0 Implicit null exception at 0x00000220ddd064f6 to 0x00000220ddd06c28
Event: 5.331 Thread 0x00000220c659a8a0 Implicit null exception at 0x00000220ddd064f6 to 0x00000220ddd06c28
Event: 5.626 Thread 0x00000220c659a8a0 Exception <a 'sun/nio/fs/WindowsException'{0x00000006dba444a8}> (0x00000006dba444a8) 
thrown [s\open\src\hotspot\share\prims\jni.cpp, line 520]
Event: 5.812 Thread 0x00000220c659a8a0 Exception <a 'java/io/FileNotFoundException'{0x00000006da8d9728}> (0x00000006da8d9728) 
thrown [s\open\src\hotspot\share\prims\jni.cpp, line 520]
Event: 5.826 Thread 0x00000220c659a8a0 Exception <a 'java/lang/ClassNotFoundException'{0x00000006dab12148}: com/sun/javafx/scene/control/skin/resources/controls-nt> (0x00000006dab12148) 
thrown [s\open\src\hotspot\share\prims\jni.cpp, line 539]
Event: 5.827 Thread 0x00000220c659a8a0 Exception <a 'java/lang/ClassNotFoundException'{0x00000006dab1aa88}: com/sun/javafx/scene/control/skin/resources/controls-nt_pt> (0x00000006dab1aa88) 
thrown [s\open\src\hotspot\share\prims\jni.cpp, line 539]
Event: 5.827 Thread 0x00000220c659a8a0 Exception <a 'java/lang/ClassNotFoundException'{0x00000006dab1bfe8}: com/sun/javafx/scene/control/skin/resources/controls-nt_pt_BR> (0x00000006dab1bfe8) 
thrown [s\open\src\hotspot\share\prims\jni.cpp, line 539]
Event: 6.189 Thread 0x00000220c659a8a0 Exception <a 'java/lang/NoSuchMethodError'{0x00000006d8856b08}: 'java.lang.Object java.lang.invoke.DirectMethodHandle$Holder.newInvokeSpecial(java.lang.Object, java.lang.Object, double)'> (0x00000006d8856b08) 
thrown [s\open\src\hotspot\share\interpreter\linkResolver.cpp, line 774]

ZGC Phase Switch (0 events):
No events

VM Operations (20 events):
Event: 1.748 Executing VM operation: ICBufferFull
Event: 1.748 Executing VM operation: ICBufferFull done
Event: 2.749 Executing VM operation: Cleanup
Event: 2.749 Executing VM operation: Cleanup done
Event: 3.749 Executing VM operation: Cleanup
Event: 3.749 Executing VM operation: Cleanup done
Event: 4.749 Executing VM operation: Cleanup
Event: 4.750 Executing VM operation: Cleanup done
Event: 5.750 Executing VM operation: Cleanup
Event: 5.751 Executing VM operation: Cleanup done
Event: 5.856 Executing VM operation: HandshakeAllThreads (Deoptimize)
Event: 5.856 Executing VM operation: HandshakeAllThreads (Deoptimize) done
Event: 5.895 Executing VM operation: ICBufferFull
Event: 5.895 Executing VM operation: ICBufferFull done
Event: 6.059 Executing VM operation: ICBufferFull
Event: 6.059 Executing VM operation: ICBufferFull done
Event: 6.134 Executing VM operation: ICBufferFull
Event: 6.134 Executing VM operation: ICBufferFull done
Event: 6.331 Executing VM operation: ICBufferFull
Event: 6.331 Executing VM operation: ICBufferFull done

Events (20 events):
Event: 0.039 Thread 0x00000220ee42baf0 Thread added: 0x00000220ee42baf0
Event: 0.039 Thread 0x00000220ee42c1b0 Thread added: 0x00000220ee42c1b0
Event: 0.064 Thread 0x00000220ee3e3c80 Thread added: 0x00000220ee3e3c80
Event: 0.105 Thread 0x00000220c5303060 Thread added: 0x00000220c5303060
Event: 0.110 Thread 0x00000220c530abe0 Thread added: 0x00000220c530abe0
Event: 0.256 Thread 0x00000220c61223a0 Thread added: 0x00000220c61223a0
Event: 0.256 Thread 0x00000220c5ff5440 Thread added: 0x00000220c5ff5440
Event: 0.268 Thread 0x00000220c5c9f460 Thread added: 0x00000220c5c9f460
Event: 0.568 Thread 0x00000220c62b1960 Thread added: 0x00000220c62b1960
Event: 0.615 Thread 0x00000220c65995a0 Thread added: 0x00000220c65995a0
Event: 0.617 Thread 0x00000220c659a8a0 Thread added: 0x00000220c659a8a0
Event: 0.653 Thread 0x00000220c530abe0 Thread exited: 0x00000220c530abe0
Event: 0.691 Thread 0x00000220c5fb3110 Thread added: 0x00000220c5fb3110
Event: 0.916 Thread 0x00000220c6cd7e80 Thread added: 0x00000220c6cd7e80
Event: 1.387 Thread 0x00000220c6c60330 Thread added: 0x00000220c6c60330
Event: 2.007 Thread 0x00000220c6c5ceb0 Thread added: 0x00000220c6c5ceb0
Event: 2.338 Thread 0x00000220c6cd7e80 Thread exited: 0x00000220c6cd7e80
Event: 2.371 Thread 0x00000220c5303060 Thread exited: 0x00000220c5303060
Event: 5.602 Thread 0x00000220f237f810 Thread added: 0x00000220f237f810
Event: 5.906 Thread 0x00000220cb1ff570 Thread added: 0x00000220cb1ff570


Dynamic libraries:
0x00007ff7f8e50000 - 0x00007ff7f8e60000 	C:\Program Files\Java\jdk-22\bin\java.exe
0x00007ffcbb3d0000 - 0x00007ffcbb5c8000 	C:\Windows\SYSTEM32\ntdll.dll
0x00007ffcb9ce0000 - 0x00007ffcb9d9d000 	C:\Windows\System32\KERNEL32.DLL
0x00007ffcb8fc0000 - 0x00007ffcb92b6000 	C:\Windows\System32\KERNELBASE.dll
0x00007ffcb8cf0000 - 0x00007ffcb8df0000 	C:\Windows\System32\ucrtbase.dll
0x00007ffcb1e70000 - 0x00007ffcb1e87000 	C:\Program Files\Java\jdk-22\bin\jli.dll
0x00007ffcab620000 - 0x00007ffcab63b000 	C:\Program Files\Java\jdk-22\bin\VCRUNTIME140.dll
0x00007ffcbab90000 - 0x00007ffcbac40000 	C:\Windows\System32\ADVAPI32.dll
0x00007ffcba800000 - 0x00007ffcba89e000 	C:\Windows\System32\msvcrt.dll
0x00007ffcb9770000 - 0x00007ffcb9810000 	C:\Windows\System32\sechost.dll
0x00007ffcb9b90000 - 0x00007ffcb9cb3000 	C:\Windows\System32\RPCRT4.dll
0x00007ffcb8cc0000 - 0x00007ffcb8ce7000 	C:\Windows\System32\bcrypt.dll
0x00007ffcba920000 - 0x00007ffcbaabf000 	C:\Windows\System32\USER32.dll
0x00007ffca7730000 - 0x00007ffca79ca000 	C:\Windows\WinSxS\amd64_microsoft.windows.common-controls_6595b64144ccf1df_6.0.19041.4355_none_60b8b9eb71f62e16\COMCTL32.dll
0x00007ffcb8ae0000 - 0x00007ffcb8b02000 	C:\Windows\System32\win32u.dll
0x00007ffcb9b00000 - 0x00007ffcb9b2b000 	C:\Windows\System32\GDI32.dll
0x00007ffcb8ba0000 - 0x00007ffcb8cb7000 	C:\Windows\System32\gdi32full.dll
0x00007ffcb92c0000 - 0x00007ffcb935d000 	C:\Windows\System32\msvcp_win.dll
0x00007ffcaf4b0000 - 0x00007ffcaf4ba000 	C:\Windows\SYSTEM32\VERSION.dll
0x00007ffcb98c0000 - 0x00007ffcb98ef000 	C:\Windows\System32\IMM32.DLL
0x00007ffcb4d30000 - 0x00007ffcb4d3c000 	C:\Program Files\Java\jdk-22\bin\vcruntime140_1.dll
0x00007ffc72c70000 - 0x00007ffc72cfe000 	C:\Program Files\Java\jdk-22\bin\msvcp140.dll
0x00007ffc2cea0000 - 0x00007ffc2dbe7000 	C:\Program Files\Java\jdk-22\bin\server\jvm.dll
0x00007ffcba730000 - 0x00007ffcba79b000 	C:\Windows\System32\WS2_32.dll
0x00007ffcb8290000 - 0x00007ffcb82db000 	C:\Windows\SYSTEM32\POWRPROF.dll
0x00007ffcaf4c0000 - 0x00007ffcaf4e7000 	C:\Windows\SYSTEM32\WINMM.dll
0x00007ffcb8230000 - 0x00007ffcb8242000 	C:\Windows\SYSTEM32\UMPDC.dll
0x00007ffcb68f0000 - 0x00007ffcb6902000 	C:\Windows\SYSTEM32\kernel.appcore.dll
0x00007ffcb0c80000 - 0x00007ffcb0c8a000 	C:\Program Files\Java\jdk-22\bin\jimage.dll
0x00007ffcad840000 - 0x00007ffcada24000 	C:\Windows\SYSTEM32\DBGHELP.DLL
0x00007ffc9c830000 - 0x00007ffc9c864000 	C:\Windows\SYSTEM32\dbgcore.DLL
0x00007ffcb8b10000 - 0x00007ffcb8b92000 	C:\Windows\System32\bcryptPrimitives.dll
0x00007ffcb1e00000 - 0x00007ffcb1e0f000 	C:\Program Files\Java\jdk-22\bin\instrument.dll
0x00007ffcab570000 - 0x00007ffcab58e000 	C:\Program Files\Java\jdk-22\bin\java.dll
0x00007ffcb9e40000 - 0x00007ffcba5ac000 	C:\Windows\System32\SHELL32.dll
0x00007ffcbac40000 - 0x00007ffcbad6b000 	C:\Windows\System32\ole32.dll
0x00007ffcb9410000 - 0x00007ffcb9763000 	C:\Windows\System32\combase.dll
0x00007ffcb6b10000 - 0x00007ffcb72ad000 	C:\Windows\SYSTEM32\windows.storage.dll
0x00007ffcb84b0000 - 0x00007ffcb84de000 	C:\Windows\SYSTEM32\Wldp.dll
0x00007ffcb99d0000 - 0x00007ffcb9a9d000 	C:\Windows\System32\OLEAUT32.dll
0x00007ffcb9810000 - 0x00007ffcb98bd000 	C:\Windows\System32\SHCORE.dll
0x00007ffcba7a0000 - 0x00007ffcba7f5000 	C:\Windows\System32\shlwapi.dll
0x00007ffcb89c0000 - 0x00007ffcb89e4000 	C:\Windows\SYSTEM32\profapi.dll
0x00007ffc72710000 - 0x00007ffc727e7000 	C:\Program Files\Java\jdk-22\bin\jsvml.dll
0x00007ffcab560000 - 0x00007ffcab570000 	C:\Program Files\Java\jdk-22\bin\net.dll
0x00007ffcb81a0000 - 0x00007ffcb820a000 	C:\Windows\system32\mswsock.dll
0x00007ffcab540000 - 0x00007ffcab556000 	C:\Program Files\Java\jdk-22\bin\nio.dll
0x00007ffcab390000 - 0x00007ffcab3a7000 	C:\Program Files\Java\jdk-22\bin\zip.dll
0x00007ffcb1de0000 - 0x00007ffcb1dfa000 	C:\Program Files\JetBrains\IntelliJ IDEA 2024.1.1\bin\breakgen64.dll
0x00000220c7070000 - 0x00000220c7073000 	C:\Users\Cliente\.openjfx\cache\21+31\amd64\api-ms-win-core-console-l1-1-0.dll
0x00000220c6d10000 - 0x00000220c6d13000 	C:\Users\Cliente\.openjfx\cache\21+31\amd64\api-ms-win-core-console-l1-2-0.dll
0x00000220c6d20000 - 0x00000220c6d23000 	C:\Users\Cliente\.openjfx\cache\21+31\amd64\api-ms-win-core-datetime-l1-1-0.dll
0x00000220c6d30000 - 0x00000220c6d33000 	C:\Users\Cliente\.openjfx\cache\21+31\amd64\api-ms-win-core-debug-l1-1-0.dll
0x00000220c6d40000 - 0x00000220c6d43000 	C:\Users\Cliente\.openjfx\cache\21+31\amd64\api-ms-win-core-errorhandling-l1-1-0.dll
0x00000220c6d50000 - 0x00000220c6d54000 	C:\Users\Cliente\.openjfx\cache\21+31\amd64\api-ms-win-core-file-l1-1-0.dll
0x00000220c6d60000 - 0x00000220c6d63000 	C:\Users\Cliente\.openjfx\cache\21+31\amd64\api-ms-win-core-file-l1-2-0.dll
0x00000220c6d70000 - 0x00000220c6d73000 	C:\Users\Cliente\.openjfx\cache\21+31\amd64\api-ms-win-core-file-l2-1-0.dll
0x00000220c6d80000 - 0x00000220c6d83000 	C:\Users\Cliente\.openjfx\cache\21+31\amd64\api-ms-win-core-handle-l1-1-0.dll
0x00000220c6d90000 - 0x00000220c6d93000 	C:\Users\Cliente\.openjfx\cache\21+31\amd64\api-ms-win-core-heap-l1-1-0.dll
0x00000220c6da0000 - 0x00000220c6da3000 	C:\Users\Cliente\.openjfx\cache\21+31\amd64\api-ms-win-core-interlocked-l1-1-0.dll
0x00000220c6db0000 - 0x00000220c6db3000 	C:\Users\Cliente\.openjfx\cache\21+31\amd64\api-ms-win-core-libraryloader-l1-1-0.dll
0x00000220c7000000 - 0x00000220c7003000 	C:\Users\Cliente\.openjfx\cache\21+31\amd64\api-ms-win-core-localization-l1-2-0.dll
0x00000220c7010000 - 0x00000220c7013000 	C:\Users\Cliente\.openjfx\cache\21+31\amd64\api-ms-win-core-memory-l1-1-0.dll
0x00000220c7020000 - 0x00000220c7023000 	C:\Users\Cliente\.openjfx\cache\21+31\amd64\api-ms-win-core-namedpipe-l1-1-0.dll
0x00000220c7030000 - 0x00000220c7033000 	C:\Users\Cliente\.openjfx\cache\21+31\amd64\api-ms-win-core-processenvironment-l1-1-0.dll
0x00000220c7040000 - 0x00000220c7043000 	C:\Users\Cliente\.openjfx\cache\21+31\amd64\api-ms-win-core-processthreads-l1-1-0.dll
0x00000220c7050000 - 0x00000220c7053000 	C:\Users\Cliente\.openjfx\cache\21+31\amd64\api-ms-win-core-processthreads-l1-1-1.dll
0x00000220c7060000 - 0x00000220c7063000 	C:\Users\Cliente\.openjfx\cache\21+31\amd64\api-ms-win-core-profile-l1-1-0.dll
0x00000220c6ee0000 - 0x00000220c6ee3000 	C:\Users\Cliente\.openjfx\cache\21+31\amd64\api-ms-win-core-rtlsupport-l1-1-0.dll
0x00000220c6ef0000 - 0x00000220c6ef3000 	C:\Users\Cliente\.openjfx\cache\21+31\amd64\api-ms-win-core-string-l1-1-0.dll
0x00000220c6f00000 - 0x00000220c6f03000 	C:\Users\Cliente\.openjfx\cache\21+31\amd64\api-ms-win-core-synch-l1-1-0.dll
0x00000220c6f10000 - 0x00000220c6f13000 	C:\Users\Cliente\.openjfx\cache\21+31\amd64\api-ms-win-core-synch-l1-2-0.dll
0x00000220c6f20000 - 0x00000220c6f23000 	C:\Users\Cliente\.openjfx\cache\21+31\amd64\api-ms-win-core-sysinfo-l1-1-0.dll
0x00000220c6f30000 - 0x00000220c6f33000 	C:\Users\Cliente\.openjfx\cache\21+31\amd64\api-ms-win-core-timezone-l1-1-0.dll
0x00000220c6f40000 - 0x00000220c6f43000 	C:\Users\Cliente\.openjfx\cache\21+31\amd64\api-ms-win-core-util-l1-1-0.dll
0x00000220c6f50000 - 0x00000220c6f53000 	C:\Users\Cliente\.openjfx\cache\21+31\amd64\api-ms-win-crt-conio-l1-1-0.dll
0x00000220c6f60000 - 0x00000220c6f64000 	C:\Users\Cliente\.openjfx\cache\21+31\amd64\api-ms-win-crt-convert-l1-1-0.dll
0x00000220c6f70000 - 0x00000220c6f73000 	C:\Users\Cliente\.openjfx\cache\21+31\amd64\api-ms-win-crt-environment-l1-1-0.dll
0x00000220c6f80000 - 0x00000220c6f83000 	C:\Users\Cliente\.openjfx\cache\21+31\amd64\api-ms-win-crt-filesystem-l1-1-0.dll
0x00000220c6f90000 - 0x00000220c6f93000 	C:\Users\Cliente\.openjfx\cache\21+31\amd64\api-ms-win-crt-heap-l1-1-0.dll
0x00000220c6fa0000 - 0x00000220c6fa3000 	C:\Users\Cliente\.openjfx\cache\21+31\amd64\api-ms-win-crt-locale-l1-1-0.dll
0x00000220c6fb0000 - 0x00000220c6fb5000 	C:\Users\Cliente\.openjfx\cache\21+31\amd64\api-ms-win-crt-math-l1-1-0.dll
0x00000220c6fc0000 - 0x00000220c6fc5000 	C:\Users\Cliente\.openjfx\cache\21+31\amd64\api-ms-win-crt-multibyte-l1-1-0.dll
0x00000220c6dc0000 - 0x00000220c6dd0000 	C:\Users\Cliente\.openjfx\cache\21+31\amd64\api-ms-win-crt-private-l1-1-0.dll
0x00000220c6dd0000 - 0x00000220c6dd3000 	C:\Users\Cliente\.openjfx\cache\21+31\amd64\api-ms-win-crt-process-l1-1-0.dll
0x00000220c6de0000 - 0x00000220c6de4000 	C:\Users\Cliente\.openjfx\cache\21+31\amd64\api-ms-win-crt-runtime-l1-1-0.dll
0x00000220c6df0000 - 0x00000220c6df4000 	C:\Users\Cliente\.openjfx\cache\21+31\amd64\api-ms-win-crt-stdio-l1-1-0.dll
0x00000220c6e00000 - 0x00000220c6e04000 	C:\Users\Cliente\.openjfx\cache\21+31\amd64\api-ms-win-crt-string-l1-1-0.dll
0x00000220c6e10000 - 0x00000220c6e13000 	C:\Users\Cliente\.openjfx\cache\21+31\amd64\api-ms-win-crt-time-l1-1-0.dll
0x00000220c6e20000 - 0x00000220c6e23000 	C:\Users\Cliente\.openjfx\cache\21+31\amd64\api-ms-win-crt-utility-l1-1-0.dll
0x00007ffc728f0000 - 0x00007ffc729ec000 	C:\Users\Cliente\.openjfx\cache\21+31\amd64\ucrtbase.dll
0x00007ffcab640000 - 0x00007ffcab65b000 	C:\Users\Cliente\.openjfx\cache\21+31\amd64\vcruntime140.dll
0x00007ffca29f0000 - 0x00007ffca29fc000 	C:\Users\Cliente\.openjfx\cache\21+31\amd64\vcruntime140_1.dll
0x00007ffc94c60000 - 0x00007ffc94cee000 	C:\Users\Cliente\.openjfx\cache\21+31\amd64\msvcp140.dll
0x00007ffca29e0000 - 0x00007ffca29e9000 	C:\Users\Cliente\.openjfx\cache\21+31\amd64\msvcp140_1.dll
0x00007ffc94fc0000 - 0x00007ffc94fef000 	C:\Users\Cliente\.openjfx\cache\21+31\amd64\msvcp140_2.dll
0x00007ffc946f0000 - 0x00007ffc9471f000 	C:\Users\Cliente\.openjfx\cache\21+31\amd64\prism_d3d.dll
0x00007ffc95440000 - 0x00007ffc9560e000 	C:\Windows\system32\d3d9.dll
0x00007ffcb6500000 - 0x00007ffcb652f000 	C:\Windows\SYSTEM32\dwmapi.dll
0x00007ffcb63f0000 - 0x00007ffcb648e000 	C:\Windows\system32\uxtheme.dll
0x00007ffcad680000 - 0x00007ffcad83b000 	C:\Windows\System32\DriverStore\FileRepository\u0402263.inf_amd64_1366da2d694c570c\B400781\aticfx64.dll
0x00007ffca4cc0000 - 0x00007ffca4cf4000 	C:\Windows\System32\DriverStore\FileRepository\u0402263.inf_amd64_1366da2d694c570c\B400781\atiu9p64.dll
0x00007ffc6d550000 - 0x00007ffc6e297000 	C:\Windows\System32\DriverStore\FileRepository\u0402263.inf_amd64_1366da2d694c570c\B400781\atiumd64.dll
0x0000000067a80000 - 0x0000000068993000 	C:\Windows\System32\DriverStore\FileRepository\u0402263.inf_amd64_1366da2d694c570c\B400781\atiumd6a.dll
0x00007ffcbaf20000 - 0x00007ffcbb38e000 	C:\Windows\System32\SETUPAPI.dll
0x00007ffcb8a90000 - 0x00007ffcb8ade000 	C:\Windows\System32\cfgmgr32.dll
0x00007ffcab660000 - 0x00007ffcab695000 	C:\Windows\SYSTEM32\amdihk64.dll
0x00007ffc82700000 - 0x00007ffc82742000 	C:\Users\Cliente\.openjfx\cache\21+31\amd64\glass.dll
0x00007ffcb98f0000 - 0x00007ffcb99ca000 	C:\Windows\System32\COMDLG32.dll
0x00007ffcba610000 - 0x00007ffcba724000 	C:\Windows\System32\MSCTF.dll
0x00007ffcaf660000 - 0x00007ffcaf69b000 	C:\Windows\SYSTEM32\dxcore.dll
0x00007ffc9a7f0000 - 0x00007ffc9a804000 	C:\Users\Cliente\.openjfx\cache\21+31\amd64\javafx_font.dll
0x00007ffca88e0000 - 0x00007ffca8b5f000 	C:\Windows\SYSTEM32\dwrite.dll
0x00007ffcbaae0000 - 0x00007ffcbab89000 	C:\Windows\System32\clbcatq.dll
0x00007ffcb6200000 - 0x00007ffcb63b4000 	C:\Windows\SYSTEM32\WindowsCodecs.dll
0x00007ffc9bd80000 - 0x00007ffc9bdbe000 	C:\Windows\system32\dataexchange.dll
0x00007ffcb2fe0000 - 0x00007ffcb3243000 	C:\Windows\system32\d3d11.dll
0x00007ffcb3810000 - 0x00007ffcb39f5000 	C:\Windows\system32\dcomp.dll
0x00007ffcb7310000 - 0x00007ffcb7402000 	C:\Windows\system32\dxgi.dll
0x00007ffcb0f80000 - 0x00007ffcb1183000 	C:\Windows\system32\twinapi.appcore.dll
0x00007ffc94720000 - 0x00007ffc94754000 	C:\Program Files\Common Files\Microsoft Shared\Ink\rtscom.dll
0x00007ffcaa3f0000 - 0x00007ffcaa4e9000 	C:\Windows\SYSTEM32\textinputframework.dll
0x00007ffcb3af0000 - 0x00007ffcb3e4b000 	C:\Windows\System32\CoreUIComponents.dll
0x00007ffcb41d0000 - 0x00007ffcb42c2000 	C:\Windows\System32\CoreMessaging.dll
0x00007ffcb7c00000 - 0x00007ffcb7c33000 	C:\Windows\SYSTEM32\ntmarta.dll
0x00007ffcb55a0000 - 0x00007ffcb56f7000 	C:\Windows\SYSTEM32\wintypes.dll

dbghelp: loaded successfully - version: 4.0.5 - missing functions: none
symbol engine: initialized successfully - sym options: 0x614 - pdb path: .;C:\Program Files\Java\jdk-22\bin;C:\Windows\SYSTEM32;C:\Windows\WinSxS\amd64_microsoft.windows.common-controls_6595b64144ccf1df_6.0.19041.4355_none_60b8b9eb71f62e16;C:\Program Files\Java\jdk-22\bin\server;C:\Program Files\JetBrains\IntelliJ IDEA 2024.1.1\bin;C:\Users\Cliente\.openjfx\cache\21+31\amd64;C:\Windows\System32\DriverStore\FileRepository\u0402263.inf_amd64_1366da2d694c570c\B400781;C:\Program Files\Common Files\Microsoft Shared\Ink

VM Arguments:
jvm_args: -javaagent:C:\Program Files\JetBrains\IntelliJ IDEA 2024.1.1\lib\idea_rt.jar=52900:C:\Program Files\JetBrains\IntelliJ IDEA 2024.1.1\bin -Dfile.encoding=UTF-8 -Dsun.stdout.encoding=UTF-8 -Dsun.stderr.encoding=UTF-8 --module-path=C:\Users\Cliente\.m2\repository\org\openjfx\javafx-graphics\21\javafx-graphics-21-win.jar;C:\Users\Cliente\.m2\repository\org\openjfx\javafx-base\21\javafx-base-21-win.jar;C:\Users\Cliente\Desktop\III Semestre\ED\Estruturas-de-Dados\CinemaManagementSystem\target\classes;C:\Users\Cliente\.m2\repository\org\openjfx\javafx-fxml\21\javafx-fxml-21-win.jar;C:\Users\Cliente\.m2\repository\org\jetbrains\kotlinx\kotlinx-serialization-json\1.3.2\kotlinx-serialization-json-1.3.2.jar;C:\Users\Cliente\.m2\repository\org\jetbrains\kotlinx\kotlinx-serialization-json-jvm\1.3.2\kotlinx-serialization-json-jvm-1.3.2.jar;C:\Users\Cliente\.m2\repository\org\jetbrains\kotlin\kotlin-stdlib\1.8.22\kotlin-stdlib-1.8.22.jar;C:\Users\Cliente\.m2\repository\org\jetbrains\kotlinx\kotlinx-serialization-core-jvm\1.3.2\kotlinx-serialization-core-jvm-1.3.2.jar;C:\Users\Cliente\.m2\repository\org\openjfx\javafx-controls\21\javafx-controls-21-win.jar -Djdk.module.main=com.ed.cinemamanagementsystem 
java_command: com.ed.cinemamanagementsystem/com.ed.cinemamanagementsystem.MainKt
java_class_path (initial): C:\Users\Cliente\.m2\repository\org\openjfx\javafx-fxml\21\javafx-fxml-21.jar;C:\Users\Cliente\.m2\repository\org\openjfx\javafx-controls\21\javafx-controls-21.jar;C:\Users\Cliente\.m2\repository\org\openjfx\javafx-graphics\21\javafx-graphics-21.jar;C:\Users\Cliente\.m2\repository\org\openjfx\javafx-base\21\javafx-base-21.jar;C:\Users\Cliente\.m2\repository\org\jdatepicker\jdatepicker\1.3.4\jdatepicker-1.3.4.jar;C:\Users\Cliente\.m2\repository\com\mysql\mysql-connector-j\8.0.33\mysql-connector-j-8.0.33.jar;C:\Users\Cliente\.m2\repository\com\google\protobuf\protobuf-java\3.21.9\protobuf-java-3.21.9.jar;C:\Users\Cliente\.m2\repository\org\jetbrains\kotlin\kotlin-stdlib-common\1.8.22\kotlin-stdlib-common-1.8.22.jar;C:\Users\Cliente\.m2\repository\org\jetbrains\annotations\13.0\annotations-13.0.jar
Launcher Type: SUN_STANDARD

[Global flags]
     intx CICompilerCount                          = 4                                         {product} {ergonomic}
     uint ConcGCThreads                            = 3                                         {product} {ergonomic}
     uint G1ConcRefinementThreads                  = 10                                        {product} {ergonomic}
   size_t G1HeapRegionSize                         = 4194304                                   {product} {ergonomic}
   size_t InitialHeapSize                          = 327155712                                 {product} {ergonomic}
   size_t MarkStackSize                            = 4194304                                   {product} {ergonomic}
   size_t MaxHeapSize                              = 5213519872                                {product} {ergonomic}
   size_t MaxNewSize                               = 3124756480                                {product} {ergonomic}
   size_t MinHeapDeltaBytes                        = 4194304                                   {product} {ergonomic}
   size_t MinHeapSize                              = 8388608                                   {product} {ergonomic}
    uintx NonNMethodCodeHeapSize                   = 5839372                                {pd product} {ergonomic}
    uintx NonProfiledCodeHeapSize                  = 122909434                              {pd product} {ergonomic}
    uintx ProfiledCodeHeapSize                     = 122909434                              {pd product} {ergonomic}
    uintx ReservedCodeCacheSize                    = 251658240                              {pd product} {ergonomic}
     bool SegmentedCodeCache                       = true                                      {product} {ergonomic}
   size_t SoftMaxHeapSize                          = 5213519872                             {manageable} {ergonomic}
     bool UseCompressedOops                        = true                           {product lp64_product} {ergonomic}
     bool UseG1GC                                  = true                                      {product} {ergonomic}
     bool UseLargePagesIndividualAllocation        = false                                  {pd product} {ergonomic}

Logging:
Log output configuration:
 #0: stdout all=warning uptime,level,tags foldmultilines=false
 #1: stderr all=off uptime,level,tags foldmultilines=false

Environment Variables:
PATH=C:\Program Files (x86)\Common Files\Oracle\Java\javapath;C:\Program Files\Common Files\Oracle\Java\javapath;C:\Windows\system32;C:\Windows;C:\Windows\System32\Wbem;C:\Windows\System32\WindowsPowerShell\v1.0\;C:\Windows\System32\OpenSSH\;C:\Program Files\Cloudflare\Cloudflare WARP\;C:\Program Files\Git\cmd;C:\Users\Cliente\AppData\Local\Microsoft\WindowsApps;C:\Users\Cliente\AppData\Local\Programs\Microsoft VS Code\bin;C:\Users\Cliente\AppData\Local\GitHubDesktop\bin;C:\Program Files\JetBrains\IntelliJ IDEA 2024.1.1\bin;
USERNAME=Geison
OS=Windows_NT
PROCESSOR_IDENTIFIER=AMD64 Family 23 Model 96 Stepping 1, AuthenticAMD
TMP=C:\Users\Cliente\AppData\Local\Temp
TEMP=C:\Users\Cliente\AppData\Local\Temp




Periodic native trim disabled

---------------  S Y S T E M  ---------------

OS:
 Windows 10 , 64 bit Build 19041 (10.0.19041.3636)
OS uptime: 2 days 12:52 hours

CPU: total 12 (initial active 12) (12 cores per cpu, 2 threads per core) family 23 model 96 stepping 1 microcode 0x0, cx8, cmov, fxsr, ht, mmx, 3dnowpref, sse, sse2, sse3, ssse3, sse4a, sse4.1, sse4.2, popcnt, lzcnt, tsc, tscinvbit, avx, avx2, aes, clmul, bmi1, bmi2, adx, sha, fma, vzeroupper, clflush, clflushopt, rdtscp, rdpid, f16c
Processor Information for all 12 processors :
  Max Mhz: 3001, Current Mhz: 3001, Mhz Limit: 3001

Memory: 4k page, system-wide physical 19886M (7276M free)
TotalPageFile size 36270M (AvailPageFile size 19999M)
current process WorkingSet (physical memory assigned to process): 327M, peak: 331M
current process commit charge ("private bytes"): 603M, peak: 607M

vm_info: Java HotSpot(TM) 64-Bit Server VM (22.0.1+8-16) for windows-amd64 JRE (22.0.1+8-16), built on 2024-03-12T10:33:16Z by "mach5one" with MS VC++ 17.6 (VS2022)

END.
